<?xml version="1.0" encoding="UTF-8"?>
<testng-results ignored="0" total="1" passed="1" failed="0" skipped="0">
  <reporter-output>
  </reporter-output>
  <suite started-at="2023-08-17T19:14:42 IST" name="Default suite" finished-at="2023-08-17T19:15:54 IST" duration-ms="72566">
    <groups>
    </groups>
    <test started-at="2023-08-17T19:14:42 IST" name="Default test" finished-at="2023-08-17T19:15:54 IST" duration-ms="72566">
      <class name="seeTestAutomation.ReportAlter">
        <test-method is-config="true" signature="setUp()[pri:0, instance:seeTestAutomation.ReportAlter@4686afc2]" started-at="2023-08-17T19:14:42 IST" name="setUp" finished-at="2023-08-17T19:15:11 IST" duration-ms="29678" status="PASS">
          <reporter-output>
          </reporter-output>
        </test-method> <!-- setUp -->
        <test-method signature="quickStartiOSNativeDemo()[pri:0, instance:seeTestAutomation.ReportAlter@4686afc2]" started-at="2023-08-17T19:15:11 IST" name="quickStartiOSNativeDemo" finished-at="2023-08-17T19:15:44 IST" duration-ms="32899" status="PASS">
          <reporter-output>
          </reporter-output>
        </test-method> <!-- quickStartiOSNativeDemo -->
        <test-method is-config="true" signature="tearDown()[pri:0, instance:seeTestAutomation.ReportAlter@4686afc2]" started-at="2023-08-17T19:15:44 IST" name="tearDown" finished-at="2023-08-17T19:15:54 IST" duration-ms="9967" status="PASS">
          <reporter-output>
          </reporter-output>
        </test-method> <!-- tearDown -->
      </class> <!-- seeTestAutomation.ReportAlter -->
    </test> <!-- Default test -->
  </suite> <!-- Default suite -->
</testng-results>
